<?xml version="1.0" encoding="UTF-8"?>
<!-- Generated by org.testng.reporters.JUnitReportReporter -->
<testsuite skipped="0" hostname="new-PC" name="test.sai" tests="1" failures="0" timestamp="13 Jun 2018 04:09:19 GMT" time="10.814" errors="0">
  <testcase name="abc" time="10.814" classname="test.sai"/>
</testsuite> <!-- test.sai -->
